[2026-06-07 23:16:31,264] [Main/INFO]: 
------------Book MDT Launcher------------
-time: 2026-06-07 23:16:31.264
-version: 26-T0605
-BuildVersion: 10000.0
-----------------------------------------
[2026-06-07 23:16:31,266] [Main/INFO]: loading settings...
[2026-06-07 23:16:31,268] [Main/INFO]: 语言文件加载成功,当前为"中文(大陆)"
[2026-06-07 23:16:31,272] [Main/INFO]: 设置已保存
[2026-06-07 23:16:31,273] [Main/DEBUG]: load QtStyleSheet: 
/* -------亮色模式------- */

QWidget {
    background-color: rgb(245, 245, 245);
}
QWidget[wid="line"] {
    background-color: rgb(189, 189, 189)
}
QLabel {
    background: transparent;
    border: none;
}
QLabel[wid="title"] {
    background: transparent;
    border: none;
    color: rgb(59, 59, 59);
}
QLabel[wid="lbtn"] {
    background-color: transparent;
    border: none;
    color: rgb(59, 59, 59);
}
QPushButton[wid="lbtn"] {
    background-color: transparent;
    border: none;
}
QPushButton[wid="lbtn"]:hover {
    background-color: rgba(124, 124, 124, 0.5);
    border: none;
}
QPushButton[wid="lbtn"]:checked {
    background-color: rgba(124, 124, 124, 0.2);
    border: none;
}



/* -------暗色模式------- */

QWidget[theme="dark"] {
    background-color: rgb(43, 43, 43);
}
QWidget[theme="dark"][wid="line"] {
    background-color: rgb(134, 134, 134)
}
QLabel[theme="dark"] {
    background: transparent;
    border: none;
}
QLabel[wid="title"][theme="dark"] {
    background: transparent;
    border: none;
    color: rgb(175, 175, 175);
}
QLabel[wid="lbtn"][theme="dark"] {
    background-color: transparent;
    border: none;
    color: rgb(175, 175, 175);
}
QPushButton[wid="lbtn"][theme="dark"] {
    background-color: transparent;
    border: none;
}
QPushButton[wid="lbtn"][theme="dark"]:hover {
    background-color: rgba(124, 124, 124, 0.5);
    border: none;
}
QPushButton[wid="lbtn"][theme="dark"]:checked {
    background-color: rgba(124, 124, 124, 0.2);
    border: none;
}

[2026-06-07 23:16:31,276] [Main/WARNING]: 托盘图标路径不存在: src/assets/icons/light.png
[2026-06-07 23:16:31,322] [Main/INFO]: 系统托盘切换主题为: light
[2026-06-07 23:16:31,323] [Main/INFO]: 系统托盘加载完成
[2026-06-07 23:16:31,324] [Main/DEBUG]: init QW.window
[2026-06-07 23:16:31,326] [Main/DEBUG]: init QW.window.left
[2026-06-07 23:16:31,327] [Main/DEBUG]: init QW.window.leftL
[2026-06-07 23:16:31,328] [Main/DEBUG]: init QW.window.leftL.tline
[2026-06-07 23:16:31,329] [Main/DEBUG]: init QW.window.leftL.logo
[2026-06-07 23:16:31,329] [Main/DEBUG]: init QW.window.leftL.logoL
[2026-06-07 23:16:31,332] [Main/DEBUG]: init QW.window.leftL.pages
[2026-06-07 23:16:31,336] [Main/DEBUG]: init QW.window.lline
[2026-06-07 23:16:31,338] [Main/DEBUG]: init QW.windowL
[2026-06-07 23:16:31,339] [Main/DEBUG]: init QW.windowL.stren
[2026-06-07 23:16:31,340] [Main/DEBUG]: init QW.windowL.main
[2026-06-07 23:16:31,342] [Main/DEBUG]: init QW.windowL.mainL
[2026-06-07 23:16:31,343] [Main/DEBUG]: init QW.windowL.mainL.top
[2026-06-07 23:16:31,344] [Main/DEBUG]: init QW.windowL.mainL.tline
[2026-06-07 23:16:31,348] [Main/ERROR]: Logo image not found: src/assets/icons/light.png
[2026-06-07 23:16:31,354] [Main/WARNING]: Failed to load pixmap for src/assets/buttons/home.png
[2026-06-07 23:16:31,357] [Main/WARNING]: Failed to load pixmap for src/assets/buttons/home.png
[2026-06-07 23:16:31,359] [Main/INFO]: 窗口切换主题为: dark
[2026-06-07 23:16:31,360] [Main/INFO]: 启动器窗口加载完成
[2026-06-07 23:16:31,515] [Main/DEBUG]: Window resized via filter: 700x500
[2026-06-07 23:16:33,773] [Main/DEBUG]: Window left fold: True
[2026-06-07 23:16:34,725] [Main/DEBUG]: Window left fold: False
