[2026-06-07 23:04:03,375] [Main/INFO]: 
------------Book MDT Launcher------------
-time: 2026-06-07 23:04:03.375
-version: 26-T0605
-BuildVersion: 10000.0
-----------------------------------------
[2026-06-07 23:04:03,377] [Main/INFO]: loading settings...
[2026-06-07 23:04:03,379] [Main/INFO]: 语言文件加载成功,当前为"中文(大陆)"
[2026-06-07 23:04:03,382] [Main/INFO]: 设置已保存
[2026-06-07 23:04:03,408] [Main/DEBUG]: load QtStyleSheet: 
/* -------亮色模式------- */

QWidget {
    background-color: rgb(245, 245, 245);
}
QWidget[wid="line"] {
    background-color: rgb(189, 189, 189)
}
QLabel {
    background: transparent;
    border: none;
}
QLabel[wid="title"] {
    background: transparent;
    border: none;
    color: rgb(59, 59, 59);
}
QLabel[wid="lbtn"] {
    background-color: transparent;
    border: none;
    color: rgb(59, 59, 59);
}
QPushButton[wid="lbtn"] {
    background-color: transparent;
    border: none;
}
QPushButton[wid="lbtn"]:hover {
    background-color: rgba(124, 124, 124, 0.5);
    border: none;
}
QPushButton[wid="lbtn"]:checked {
    background-color: rgba(124, 124, 124, 0.2);
    border: none;
}



/* -------暗色模式------- */

QWidget[theme="dark"] {
    background-color: rgb(43, 43, 43);
}
QWidget[theme="dark"][wid="line"] {
    background-color: rgb(134, 134, 134)
}
QLabel[theme="dark"] {
    background: transparent;
    border: none;
}
QLabel[wid="title"][theme="dark"] {
    background: transparent;
    border: none;
    color: rgb(175, 175, 175);
}
QLabel[wid="lbtn"][theme="dark"] {
    background-color: transparent;
    border: none;
    color: rgb(175, 175, 175);
}
QPushButton[wid="lbtn"][theme="dark"] {
    background-color: transparent;
    border: none;
}
QPushButton[wid="lbtn"][theme="dark"]:hover {
    background-color: rgba(124, 124, 124, 0.5);
    border: none;
}
QPushButton[wid="lbtn"][theme="dark"]:checked {
    background-color: rgba(124, 124, 124, 0.2);
    border: none;
}

[2026-06-07 23:04:03,421] [Main/WARNING]: 托盘图标路径不存在: src/assets/icons/light.png
[2026-06-07 23:04:03,672] [Main/INFO]: 系统托盘切换主题为: light
[2026-06-07 23:04:03,673] [Main/INFO]: 系统托盘加载完成
[2026-06-07 23:04:03,695] [Main/DEBUG]: init QW.window
[2026-06-07 23:04:03,698] [Main/DEBUG]: init QW.window.left
[2026-06-07 23:04:03,699] [Main/DEBUG]: init QW.window.leftL
[2026-06-07 23:04:03,701] [Main/DEBUG]: init QW.window.leftL.tline
[2026-06-07 23:04:03,705] [Main/DEBUG]: init QW.window.leftL.logo
[2026-06-07 23:04:03,706] [Main/DEBUG]: init QW.window.leftL.logoL
[2026-06-07 23:04:03,754] [Main/DEBUG]: init QW.window.leftL.pages
[2026-06-07 23:04:03,774] [Main/DEBUG]: init QW.window.lline
[2026-06-07 23:04:03,775] [Main/DEBUG]: init QW.windowL
[2026-06-07 23:04:03,775] [Main/DEBUG]: init QW.windowL.stren
[2026-06-07 23:04:03,776] [Main/DEBUG]: init QW.windowL.main
[2026-06-07 23:04:03,777] [Main/DEBUG]: init QW.windowL.mainL
[2026-06-07 23:04:03,777] [Main/DEBUG]: init QW.windowL.mainL.top
[2026-06-07 23:04:03,778] [Main/DEBUG]: init QW.windowL.mainL.tline
[2026-06-07 23:04:03,824] [Main/ERROR]: Logo image not found: src/assets/icons/light.png
[2026-06-07 23:04:03,838] [Main/WARNING]: Failed to load pixmap for src/assets/buttons/home.png
[2026-06-07 23:04:03,840] [Main/WARNING]: Failed to load pixmap for src/assets/buttons/home.png
[2026-06-07 23:04:03,841] [Main/INFO]: 窗口切换主题为: dark
[2026-06-07 23:04:03,842] [Main/INFO]: 启动器窗口加载完成
[2026-06-07 23:04:04,215] [Main/DEBUG]: Window resized via filter: 700x500
[2026-06-07 23:04:10,372] [Main/DEBUG]: Window moved via filter: (188,189)
[2026-06-07 23:04:10,613] [Main/DEBUG]: Window left fold: True
