[2026-06-08 15:25:54,283] [Main/INFO]: 
------------Book MDT Launcher------------
-time: 2026-06-08 15:25:54.283
-version: 26-T0605
-BuildVersion: 10000.0
-----------------------------------------
[2026-06-08 15:25:54,290] [Main/INFO]: loading settings...
[2026-06-08 15:25:54,309] [Main/INFO]: 语言文件加载成功,当前为"中文(大陆)"
[2026-06-08 15:25:54,325] [Main/INFO]: 设置已保存
[2026-06-08 15:25:54,329] [Main/DEBUG]: load QtStyleSheet: 
/* -------亮色模式------- */

QWidget {
    background-color: rgb(245, 245, 245);
}
QWidget[wid="line"] {
    background-color: rgb(189, 189, 189)
}
QLabel {
    background: transparent;
    border: none;
}
QLabel[wid="title"] {
    background: transparent;
    border: none;
    color: rgb(59, 59, 59);
}
QLabel[wid="lbtn"] {
    background-color: transparent;
    border: none;
    color: rgb(59, 59, 59);
}
QPushButton[wid="lbtn"] {
    background-color: transparent;
    border: none;
}
QPushButton[wid="lbtn"]:hover {
    background-color: rgba(124, 124, 124, 0.5);
    border: none;
}
QPushButton[wid="lbtn"]:checked {
    background-color: rgba(124, 124, 124, 0.2);
    border: none;
}
QPushButton[wid="tbtn"] {
    background-color: transparent;
    border: none;
}
QPushButton[wid="tbtn"]:hover {
    background-color: rgba(124, 124, 124, 0.5);
    border: none;
}
QPushButton[wid="tbtn"]:checked {
    background-color: rgba(124, 124, 124, 0.2);
    border: none;
}


/* -------暗色模式------- */

QWidget[theme="dark"] {
    background-color: rgb(43, 43, 43);
}
QWidget[theme="dark"][wid="line"] {
    background-color: rgb(134, 134, 134)
}
QLabel[theme="dark"] {
    background: transparent;
    border: none;
}
QLabel[wid="title"][theme="dark"] {
    background: transparent;
    border: none;
    color: rgb(175, 175, 175);
}
QLabel[wid="lbtn"][theme="dark"] {
    background-color: transparent;
    border: none;
    color: rgb(175, 175, 175);
}
QPushButton[wid="lbtn"][theme="dark"] {
    background-color: transparent;
    border: none;
}
QPushButton[wid="lbtn"][theme="dark"]:hover {
    background-color: rgba(124, 124, 124, 0.5);
    border: none;
}
QPushButton[wid="lbtn"][theme="dark"]:checked {
    background-color: rgba(124, 124, 124, 0.2);
    border: none;
}
QPushButton[wid="tbtn"][theme="dark"] {
    background-color: transparent;
    border: none;
}
QPushButton[wid="tbtn"][theme="dark"]:hover {
    background-color: rgba(124, 124, 124, 0.5);
    border: none;
}
QPushButton[wid="tbtn"][theme="dark"]:checked {
    background-color: rgba(124, 124, 124, 0.2);
    border: none;
}

[2026-06-08 15:25:54,632] [Main/INFO]: 系统托盘切换主题为: light
[2026-06-08 15:25:55,228] [Main/INFO]: 系统托盘加载完成
[2026-06-08 15:25:55,241] [Main/DEBUG]: init QW.window
[2026-06-08 15:25:55,264] [Main/DEBUG]: init QW.window.left
[2026-06-08 15:25:55,266] [Main/DEBUG]: init QW.window.leftL
[2026-06-08 15:25:55,310] [Main/DEBUG]: init QW.window.leftL.tline
[2026-06-08 15:25:55,313] [Main/DEBUG]: init QW.window.leftL.logo
[2026-06-08 15:25:55,328] [Main/DEBUG]: init QW.window.leftL.logoL
[2026-06-08 15:25:55,333] [Main/DEBUG]: init QW.window.leftL.pages
[2026-06-08 15:25:55,345] [Main/DEBUG]: init QW.window.lline
[2026-06-08 15:25:55,349] [Main/DEBUG]: init QW.windowL
[2026-06-08 15:25:55,355] [Main/DEBUG]: init QW.windowL.stren
[2026-06-08 15:25:55,393] [Main/DEBUG]: init QW.windowL.main
[2026-06-08 15:25:55,409] [Main/DEBUG]: init QW.windowL.mainL
[2026-06-08 15:25:55,413] [Main/DEBUG]: init QW.windowL.mainL.top
[2026-06-08 15:25:55,414] [Main/DEBUG]: init QW.windowL.mainL.topL
[2026-06-08 15:25:55,415] [Main/DEBUG]: init QW.windowL.mainL.topL.tbt_mini
[2026-06-08 15:25:55,430] [Main/DEBUG]: init QW.windowL.mainL.topL.tbt_max
[2026-06-08 15:25:55,473] [Main/DEBUG]: init QW.windowL.mainL.tline
[2026-06-08 15:25:55,643] [Main/INFO]: 窗口切换主题为: dark
[2026-06-08 15:25:55,645] [Main/INFO]: 启动器窗口加载完成
[2026-06-08 15:25:57,040] [Main/DEBUG]: Window resized via filter: 700x500
[2026-06-08 15:25:58,651] [Main/DEBUG]: window maximized
[2026-06-08 15:25:58,661] [Main/DEBUG]: Window resized via filter: 1366x728
[2026-06-08 15:26:01,680] [Main/DEBUG]: window unmaximized
[2026-06-08 15:26:01,686] [Main/DEBUG]: Window resized via filter: 700x500
[2026-06-08 15:26:02,784] [Main/DEBUG]: Window moved via filter: (470,181)
[2026-06-08 15:26:05,084] [Main/DEBUG]: window unmaximized
[2026-06-08 15:26:05,091] [Main/DEBUG]: Window resized via filter: 700x392
[2026-06-08 15:26:06,066] [Main/DEBUG]: window unmaximized
[2026-06-08 15:26:06,084] [Main/DEBUG]: Window resized via filter: 700x370
[2026-06-08 15:26:07,229] [Main/DEBUG]: Window moved via filter: (432,176)
[2026-06-08 15:26:08,219] [Main/DEBUG]: window maximized
[2026-06-08 15:26:08,223] [Main/DEBUG]: Window resized via filter: 1366x728
[2026-06-08 15:26:09,472] [Main/DEBUG]: window unmaximized
[2026-06-08 15:26:09,477] [Main/DEBUG]: Window resized via filter: 700x370
[2026-06-08 15:26:10,445] [Main/DEBUG]: Window moved via filter: (412,162)
[2026-06-08 15:26:12,833] [Main/DEBUG]: window unmaximized
[2026-06-08 15:26:12,852] [Main/DEBUG]: Window resized via filter: 500x370
[2026-06-08 15:26:17,981] [Main/DEBUG]: Window moved via filter: (215,50)
[2026-06-08 15:26:19,050] [Main/DEBUG]: window maximized
[2026-06-08 15:26:19,056] [Main/DEBUG]: Window resized via filter: 1366x728
[2026-06-08 15:26:19,912] [Main/DEBUG]: window unmaximized
[2026-06-08 15:26:19,930] [Main/DEBUG]: Window resized via filter: 500x370
[2026-06-08 15:26:20,893] [Main/DEBUG]: Window moved via filter: (143,132)
[2026-06-08 15:26:24,738] [Main/DEBUG]: window maximized
[2026-06-08 15:26:24,747] [Main/DEBUG]: Window resized via filter: 1366x728
[2026-06-08 15:26:25,689] [Main/DEBUG]: window unmaximized
[2026-06-08 15:26:25,704] [Main/DEBUG]: Window resized via filter: 500x370
[2026-06-08 15:26:25,951] [Main/DEBUG]: Window moved via filter: (47,9)
